<?xml version="1.0" encoding="UTF-8"?>
<!-- Generated by org.testng.reporters.JUnitXMLReporter -->
<testsuite ignored="0" hostname="DESKTOP-6FQQ1FF" failures="0" tests="2" name="Default test" time="10.099" errors="0" timestamp="2023-10-04T13:34:49 EDT">
  <testcase classname="com.facbook.pageFactory.LoginTestWithPageFactory" name="invalidLoginTest" time="0.498"/>
  <testcase classname="com.facbook.pageFactory.LoginTestWithPageFactory" name="validLoginTest" time="0.395"/>
</testsuite> <!-- Default test -->
