<?xml version="1.0" encoding="UTF-8"?>
<testng-results ignored="0" total="1" passed="1" failed="0" skipped="0">
  <reporter-output>
  </reporter-output>
  <suite started-at="2023-10-10T00:47:07 EDT" name="Default suite" finished-at="2023-10-10T00:47:19 EDT" duration-ms="11490">
    <groups>
    </groups>
    <test started-at="2023-10-10T00:47:07 EDT" name="Default test" finished-at="2023-10-10T00:47:19 EDT" duration-ms="11490">
      <class name="com.facbook.registrationTests.RegistrationTest">
        <test-method is-config="true" signature="openApp()[pri:0, instance:com.facbook.registrationTests.RegistrationTest@2b71e916]" started-at="2023-10-10T00:47:07 EDT" name="openApp" finished-at="2023-10-10T00:47:12 EDT" duration-ms="4884" status="PASS">
          <reporter-output>
          </reporter-output>
        </test-method> <!-- openApp -->
        <test-method is-config="true" signature="openFacebook()[pri:0, instance:com.facbook.registrationTests.RegistrationTest@2b71e916]" started-at="2023-10-10T00:47:12 EDT" name="openFacebook" finished-at="2023-10-10T00:47:15 EDT" duration-ms="2913" status="PASS">
          <reporter-output>
          </reporter-output>
        </test-method> <!-- openFacebook -->
        <test-method signature="createRegistrationTest()[pri:0, instance:com.facbook.registrationTests.RegistrationTest@2b71e916]" started-at="2023-10-10T00:47:15 EDT" name="createRegistrationTest" finished-at="2023-10-10T00:47:18 EDT" duration-ms="3067" status="PASS">
          <reporter-output>
          </reporter-output>
        </test-method> <!-- createRegistrationTest -->
        <test-method is-config="true" signature="closeApp()[pri:0, instance:com.facbook.registrationTests.RegistrationTest@2b71e916]" started-at="2023-10-10T00:47:18 EDT" name="closeApp" finished-at="2023-10-10T00:47:19 EDT" duration-ms="555" status="PASS">
          <reporter-output>
          </reporter-output>
        </test-method> <!-- closeApp -->
      </class> <!-- com.facbook.registrationTests.RegistrationTest -->
    </test> <!-- Default test -->
  </suite> <!-- Default suite -->
</testng-results>
