<?xml version="1.0" encoding="UTF-8"?>
<testng-results ignored="0" total="2" passed="2" failed="0" skipped="0">
  <reporter-output>
  </reporter-output>
  <suite started-at="2023-10-04T13:34:39 EDT" name="Default suite" finished-at="2023-10-04T13:34:49 EDT" duration-ms="10099">
    <groups>
    </groups>
    <test started-at="2023-10-04T13:34:39 EDT" name="Default test" finished-at="2023-10-04T13:34:49 EDT" duration-ms="10099">
      <class name="com.facbook.pageFactory.LoginTestWithPageFactory">
        <test-method is-config="true" signature="openApp()[pri:0, instance:com.facbook.pageFactory.LoginTestWithPageFactory@65fb9ffc]" started-at="2023-10-04T13:34:39 EDT" name="openApp" finished-at="2023-10-04T13:34:45 EDT" duration-ms="5306" status="PASS">
          <reporter-output>
          </reporter-output>
        </test-method> <!-- openApp -->
        <test-method signature="invalidLoginTest()[pri:0, instance:com.facbook.pageFactory.LoginTestWithPageFactory@65fb9ffc]" started-at="2023-10-04T13:34:45 EDT" name="invalidLoginTest" finished-at="2023-10-04T13:34:45 EDT" duration-ms="498" status="PASS">
          <reporter-output>
          </reporter-output>
        </test-method> <!-- invalidLoginTest -->
        <test-method is-config="true" signature="closeApp()[pri:0, instance:com.facbook.pageFactory.LoginTestWithPageFactory@65fb9ffc]" started-at="2023-10-04T13:34:45 EDT" name="closeApp" finished-at="2023-10-04T13:34:46 EDT" duration-ms="449" status="PASS">
          <reporter-output>
          </reporter-output>
        </test-method> <!-- closeApp -->
        <test-method is-config="true" signature="openApp()[pri:0, instance:com.facbook.pageFactory.LoginTestWithPageFactory@65fb9ffc]" started-at="2023-10-04T13:34:46 EDT" name="openApp" finished-at="2023-10-04T13:34:49 EDT" duration-ms="2948" status="PASS">
          <reporter-output>
          </reporter-output>
        </test-method> <!-- openApp -->
        <test-method signature="validLoginTest()[pri:0, instance:com.facbook.pageFactory.LoginTestWithPageFactory@65fb9ffc]" started-at="2023-10-04T13:34:49 EDT" name="validLoginTest" finished-at="2023-10-04T13:34:49 EDT" duration-ms="395" status="PASS">
          <reporter-output>
          </reporter-output>
        </test-method> <!-- validLoginTest -->
        <test-method is-config="true" signature="closeApp()[pri:0, instance:com.facbook.pageFactory.LoginTestWithPageFactory@65fb9ffc]" started-at="2023-10-04T13:34:49 EDT" name="closeApp" finished-at="2023-10-04T13:34:49 EDT" duration-ms="383" status="PASS">
          <reporter-output>
          </reporter-output>
        </test-method> <!-- closeApp -->
      </class> <!-- com.facbook.pageFactory.LoginTestWithPageFactory -->
    </test> <!-- Default test -->
  </suite> <!-- Default suite -->
</testng-results>
